25-Sep-2024 13:03:31.929 情報 [main] org.apache.catalina.startup.VersionLoggerListener.log Serverのバージョン名:     Apache Tomcat/9.0.85
25-Sep-2024 13:03:31.932 情報 [main] org.apache.catalina.startup.VersionLoggerListener.log Server ビルド:            Jan 5 2024 08:28:07 UTC
25-Sep-2024 13:03:31.932 情報 [main] org.apache.catalina.startup.VersionLoggerListener.log サーバーのバージョン番号: 9.0.85.0
25-Sep-2024 13:03:31.932 情報 [main] org.apache.catalina.startup.VersionLoggerListener.log OS 名:                    Windows 11
25-Sep-2024 13:03:31.932 情報 [main] org.apache.catalina.startup.VersionLoggerListener.log OS バージョン:            10.0
25-Sep-2024 13:03:31.932 情報 [main] org.apache.catalina.startup.VersionLoggerListener.log アーキテクチャ:           amd64
25-Sep-2024 13:03:31.932 情報 [main] org.apache.catalina.startup.VersionLoggerListener.log Java Home:                C:\Program Files\Java\jdk-1.8\jre
25-Sep-2024 13:03:31.932 情報 [main] org.apache.catalina.startup.VersionLoggerListener.log JVM バージョン:           1.8.0_401-b10
25-Sep-2024 13:03:31.932 情報 [main] org.apache.catalina.startup.VersionLoggerListener.log JVM ベンダ:               Oracle Corporation
25-Sep-2024 13:03:31.932 情報 [main] org.apache.catalina.startup.VersionLoggerListener.log CATALINA_BASE:            C:\pleiades\2023-12\tomcat\9\conf\Catalina
25-Sep-2024 13:03:31.932 情報 [main] org.apache.catalina.startup.VersionLoggerListener.log CATALINA_HOME:            C:\pleiades\2023-12\tomcat\9
25-Sep-2024 13:03:31.933 情報 [main] org.apache.catalina.startup.VersionLoggerListener.log コマンドライン引数:       -Dcatalina.home=C:\pleiades\2023-12\tomcat\9
25-Sep-2024 13:03:31.933 情報 [main] org.apache.catalina.startup.VersionLoggerListener.log コマンドライン引数:       -Dcatalina.base=C:\pleiades\2023-12\tomcat\9\conf\Catalina
25-Sep-2024 13:03:31.933 情報 [main] org.apache.catalina.startup.VersionLoggerListener.log コマンドライン引数:       -Djava.io.tmpdir=C:\pleiades\2023-12\tomcat\9\conf\Catalina\temp
25-Sep-2024 13:03:31.934 情報 [main] org.apache.catalina.startup.VersionLoggerListener.log コマンドライン引数:       -Djava.util.logging.config.file=C:\pleiades\2023-12\tomcat\9\conf\Catalina\conf\logging.properties
25-Sep-2024 13:03:31.934 情報 [main] org.apache.catalina.startup.VersionLoggerListener.log コマンドライン引数:       -Djava.util.logging.manager=org.apache.juli.ClassLoaderLogManager
25-Sep-2024 13:03:31.934 情報 [main] org.apache.catalina.startup.VersionLoggerListener.log コマンドライン引数:       -javaagent:C:\Program Files\JetBrains\IntelliJ IDEA Community Edition 2024.1\lib\idea_rt.jar=57636:C:\Program Files\JetBrains\IntelliJ IDEA Community Edition 2024.1\bin
25-Sep-2024 13:03:31.934 情報 [main] org.apache.catalina.startup.VersionLoggerListener.log コマンドライン引数:       -Dfile.encoding=UTF-8
25-Sep-2024 13:03:31.937 情報 [main] org.apache.catalina.core.AprLifecycleListener.lifecycleEvent 商用環境に最適な性能を発揮する APR ベースの Tomcat ネイティブライブラリが java.library.path [C:\Program Files\Java\jdk-1.8\bin;C:\Windows\Sun\Java\bin;C:\Windows\system32;C:\Windows;C:\Program Files (x86)\Common Files\Oracle\Java\javapath;C:\Windows\system32;C:\Windows;C:\Windows\System32\Wbem;C:\Windows\System32\WindowsPowerShell\v1.0\;C:\Windows\System32\OpenSSH\;C:\Program Files (x86)\MySQL\MySQL Server 5.0\bin;C:\Program Files\dotnet\;C:\Users\pipit\AppData\Local\Microsoft\WindowsApps;C:\Users\pipit\AppData\Local\Programs\Microsoft VS Code\bin;C:\Program Files\Java\jdk-1.8\bin;;.] に存在しません。
25-Sep-2024 13:03:32.262 情報 [main] org.apache.coyote.AbstractProtocol.init プロトコルハンドラ ["http-nio-8080"] を初期化します。
25-Sep-2024 13:03:32.280 情報 [main] org.apache.catalina.startup.Catalina.load サーバーの初期化 [542] ミリ秒
25-Sep-2024 13:03:32.310 情報 [main] org.apache.catalina.core.StandardService.startInternal サービス [Catalina] を起動します
25-Sep-2024 13:03:32.310 情報 [main] org.apache.catalina.core.StandardEngine.startInternal サーブレットエンジンの起動：[Apache Tomcat/9.0.85]
25-Sep-2024 13:03:32.319 情報 [main] org.apache.catalina.startup.HostConfig.deployDescriptor 配備記述子 [C:\pleiades\2023-12\tomcat\9\conf\Catalina\conf\Catalina\localhost\contextPath.xml] を配備します
25-Sep-2024 13:03:32.572 情報 [main] org.apache.jasper.servlet.TldScanner.scanJars 少なくとも1つのJARでTLDをスキャンしましたが、TLDが含まれていませんでした。スキャンしたもののTLDが見つからなかったJARの完全なリストについては、このロガーのデバッグログを有効にしてください。スキャン中に不要なJARをスキップすると、起動時間とJSPのコンパイル時間が短縮されます。
25-Sep-2024 13:03:32.709 情報 [main] org.apache.catalina.startup.HostConfig.deployDescriptor 配備記述子 [C:\pleiades\2023-12\tomcat\9\conf\Catalina\conf\Catalina\localhost\contextPath.xml] の展開が [390] ミリ秒で完了しました
25-Sep-2024 13:03:32.709 情報 [main] org.apache.catalina.startup.HostConfig.deployDescriptor 配備記述子 [C:\pleiades\2023-12\tomcat\9\conf\Catalina\conf\Catalina\localhost\JV16.xml] を配備します
25-Sep-2024 13:03:32.710 警告 [main] org.apache.catalina.startup.HostConfig.deployDescriptor 配備記述子 [C:\pleiades\2023-12\tomcat\9\conf\Catalina\conf\Catalina\localhost\JV16.xml] の path 属性に指定された [/JV16] は無視されました
25-Sep-2024 13:03:32.755 情報 [main] org.apache.jasper.servlet.TldScanner.scanJars 少なくとも1つのJARでTLDをスキャンしましたが、TLDが含まれていませんでした。スキャンしたもののTLDが見つからなかったJARの完全なリストについては、このロガーのデバッグログを有効にしてください。スキャン中に不要なJARをスキップすると、起動時間とJSPのコンパイル時間が短縮されます。
25-Sep-2024 13:03:32.756 情報 [main] org.apache.catalina.startup.HostConfig.deployDescriptor 配備記述子 [C:\pleiades\2023-12\tomcat\9\conf\Catalina\conf\Catalina\localhost\JV16.xml] の展開が [47] ミリ秒で完了しました
25-Sep-2024 13:03:32.759 情報 [main] org.apache.coyote.AbstractProtocol.start プロトコルハンドラー ["http-nio-8080"] を開始しました。
25-Sep-2024 13:03:32.780 情報 [main] org.apache.catalina.startup.Catalina.start サーバーの起動 [500] ミリ秒
25-Sep-2024 13:04:01.044 情報 [Thread-2] org.apache.coyote.AbstractProtocol.pause ProtocolHandler ["http-nio-8080"] を一時停止します。
25-Sep-2024 13:04:01.104 情報 [Thread-2] org.apache.catalina.core.StandardService.stopInternal サービス [Catalina] を停止します
25-Sep-2024 13:04:01.112 情報 [Thread-2] org.apache.coyote.AbstractProtocol.stop ProtocolHandler ["http-nio-8080"]の停止中
25-Sep-2024 13:04:01.125 情報 [Thread-2] org.apache.coyote.AbstractProtocol.destroy ProtocolHandler ["http-nio-8080"] を破棄します。
